<?xml version="1.0" encoding="UTF-8"?>
<!-- Generated by org.testng.reporters.JUnitXMLReporter -->
<testsuite hostname="mac-058.fritz.box" ignored="0" name="Login with invalid credentials" tests="2" failures="0" timestamp="2019-07-23T16:39:58 CEST" time="7.599" errors="0">
  <testcase name="attemptedLoginWithInvalidLoginData" time="3.743" classname="login.LoginWithInvalidCredentials"/>
  <testcase name="attemptedLoginWithInvalidLoginData" time="3.063" classname="login.LoginWithInvalidCredentials"/>
</testsuite> <!-- Login with invalid credentials -->
