<?xml version="1.0" encoding="UTF-8"?>
<!-- Generated by org.testng.reporters.JUnitXMLReporter -->
<testsuite hostname="mac-058.fritz.box" ignored="0" name="Login in with valid credentials" tests="3" failures="0" timestamp="2019-07-23T16:39:50 CEST" time="6.217" errors="0">
  <testcase name="openHomepageAndClickOnLoginLinkTest" time="2.518" classname="login.LoginWithValidCredentials"/>
  <testcase name="enterUserCredentials" time="0.453" classname="login.LoginWithValidCredentials"/>
  <testcase name="clickLoginButtonAndCheckTheDashboardPageIsOpened" time="1.9" classname="login.LoginWithValidCredentials"/>
</testsuite> <!-- Login in with valid credentials -->
