<?xml version="1.0" encoding="UTF-8"?>
<!-- Generated by org.testng.reporters.JUnitXMLReporter -->
<testsuite hostname="mac-058.fritz.box" ignored="0" name="Login and then logout" tests="3" failures="0" timestamp="2019-07-23T16:40:08 CEST" time="10.534" errors="0">
  <testcase name="openHomepageAndClickOnLoginLink" time="3.065" classname="login.LoginAndThenLogout"/>
  <testcase name="enterUserCredentialsAndClickLoginButton" time="3.422" classname="login.LoginAndThenLogout"/>
  <testcase name="clickOnLogoutButton" time="2.746" classname="login.LoginAndThenLogout"/>
</testsuite> <!-- Login and then logout -->
