<?xml version="1.0" encoding="UTF-8"?>
<testsuite xmlns:xsi="http://www.w3.org/2001/XMLSchema-instance" xsi:noNamespaceSchemaLocation="https://maven.apache.org/surefire/maven-surefire-plugin/xsd/surefire-test-report-3.0.xsd" version="3.0" name="TestSuite" time="117.247" tests="16" errors="0" skipped="0" failures="0">
  <properties>
[...]
</properties>
  <testcase name="openHomepageAndClickOnLoginLinkTest" classname="login.LoginWithValidCredentials" time="2.52"/>
  <testcase name="enterUserCredentials" classname="login.LoginWithValidCredentials" time="0.453"/>
  <testcase name="clickLoginButtonAndCheckTheDashboardPageIsOpened" classname="login.LoginWithValidCredentials" time="1.9"/>
  <testcase name="attemptedLoginWithInvalidLoginData" classname="login.LoginWithInvalidCredentials" time="3.744"/>
  <testcase name="attemptedLoginWithInvalidLoginData" classname="login.LoginWithInvalidCredentials" time="3.063"/>
  <testcase name="openHomepageAndClickOnLoginLink" classname="login.LoginAndThenLogout" time="3.065"/>
  <testcase name="enterUserCredentialsAndClickLoginButton" classname="login.LoginAndThenLogout" time="3.422"/>
  <testcase name="clickOnLogoutButton" classname="login.LoginAndThenLogout" time="2.746"/>
  <testcase name="tripsAndInvoicesIsEmptyTest" classname="tripsandinvoices.TripsAndInvoices" time="28.477"/>
  <testcase name="goToMyDetailsAndChangeTheFirstAndLastName" classname="edituser.EditFirstAndLastName" time="3.55"/>
  <testcase name="goToMyDetailsAndChangeTheFirstAndLastName" classname="edituser.EditFirstAndLastName" time="3.357"/>
  <testcase name="authorizedLightSwitchPosition" classname="externalapi.LightSwitchPositionTest" time="1.215"/>
  <testcase name="authorizedInteriorLightsFront" classname="externalapi.InteriorLightsFrontTest" time="0.197"/>
  <testcase name="doGetNotification" classname="internalapi.NotificationCall" time="7.388"/>
  <testcase name="getPersonalInformationCall" classname="internalapi.PersonalInformation" time="5.721"/>
  <testcase name="editPasswordApiCall" classname="internalapi.EditPassword" time="30.09"/>
</testsuite>