<?xml version="1.0" encoding="UTF-8"?>
<testng-results skipped="0" failed="0" ignored="0" total="16" passed="16">
  <reporter-output>
  </reporter-output>
  <suite name="CodeChallengeTests" duration-ms="116696" started-at="2019-07-23T16:39:44 CEST" finished-at="2019-07-23T16:41:41 CEST">
    <groups>
    </groups>
    <test name="Login in with valid credentials" duration-ms="6217" started-at="2019-07-23T16:39:44 CEST" finished-at="2019-07-23T16:39:50 CEST">
      <class name="login.LoginWithValidCredentials">
        <test-method status="PASS" signature="setup(java.lang.String)[pri:0, instance:login.LoginWithValidCredentials@cc285f4]" name="setup" is-config="true" duration-ms="1260" started-at="2019-07-23T16:39:44 CEST" finished-at="2019-07-23T16:39:45 CEST">
          <params>
            <param index="0">
              <value>
                <![CDATA[chrome]]>
              </value>
            </param>
          </params>
          <reporter-output>
          </reporter-output>
        </test-method> <!-- setup -->
        <test-method status="PASS" signature="openHomepageAndClickOnLoginLinkTest()[pri:0, instance:login.LoginWithValidCredentials@cc285f4]" name="openHomepageAndClickOnLoginLinkTest" duration-ms="2518" started-at="2019-07-23T16:39:45 CEST" finished-at="2019-07-23T16:39:48 CEST">
          <reporter-output>
          </reporter-output>
        </test-method> <!-- openHomepageAndClickOnLoginLinkTest -->
        <test-method status="PASS" signature="enterUserCredentials()[pri:0, instance:login.LoginWithValidCredentials@cc285f4]" name="enterUserCredentials" duration-ms="453" started-at="2019-07-23T16:39:48 CEST" depends-on-methods="login.LoginWithValidCredentials.openHomepageAndClickOnLoginLinkTest" finished-at="2019-07-23T16:39:48 CEST">
          <reporter-output>
          </reporter-output>
        </test-method> <!-- enterUserCredentials -->
        <test-method status="PASS" signature="clickLoginButtonAndCheckTheDashboardPageIsOpened()[pri:0, instance:login.LoginWithValidCredentials@cc285f4]" name="clickLoginButtonAndCheckTheDashboardPageIsOpened" duration-ms="1900" started-at="2019-07-23T16:39:48 CEST" depends-on-methods="login.LoginWithValidCredentials.enterUserCredentials" finished-at="2019-07-23T16:39:50 CEST">
          <reporter-output>
          </reporter-output>
        </test-method> <!-- clickLoginButtonAndCheckTheDashboardPageIsOpened -->
        <test-method status="PASS" signature="tearDown()[pri:0, instance:login.LoginWithValidCredentials@cc285f4]" name="tearDown" is-config="true" duration-ms="59" started-at="2019-07-23T16:39:50 CEST" finished-at="2019-07-23T16:39:50 CEST">
          <reporter-output>
          </reporter-output>
        </test-method> <!-- tearDown -->
      </class> <!-- login.LoginWithValidCredentials -->
    </test> <!-- Login in with valid credentials -->
    <test name="Login with invalid credentials" duration-ms="7599" started-at="2019-07-23T16:39:50 CEST" finished-at="2019-07-23T16:39:58 CEST">
      <class name="login.LoginWithInvalidCredentials">
        <test-method status="PASS" signature="setup(java.lang.String)[pri:0, instance:login.LoginWithInvalidCredentials@6a4f787b]" name="setup" is-config="true" duration-ms="719" started-at="2019-07-23T16:39:50 CEST" finished-at="2019-07-23T16:39:51 CEST">
          <params>
            <param index="0">
              <value>
                <![CDATA[chrome]]>
              </value>
            </param>
          </params>
          <reporter-output>
          </reporter-output>
        </test-method> <!-- setup -->
        <test-method status="PASS" signature="attemptedLoginWithInvalidLoginData(java.lang.String, java.lang.String)[pri:0, instance:login.LoginWithInvalidCredentials@6a4f787b]" name="attemptedLoginWithInvalidLoginData" duration-ms="3743" started-at="2019-07-23T16:39:51 CEST" data-provider="invalidCredentials" finished-at="2019-07-23T16:39:55 CEST">
          <params>
            <param index="0">
              <value>
                <![CDATA[nils.reissig+manuel@gmail.com]]>
              </value>
            </param>
            <param index="1">
              <value>
                <![CDATA[Abc1563892791520]]>
              </value>
            </param>
          </params>
          <reporter-output>
          </reporter-output>
        </test-method> <!-- attemptedLoginWithInvalidLoginData -->
        <test-method status="PASS" signature="attemptedLoginWithInvalidLoginData(java.lang.String, java.lang.String)[pri:0, instance:login.LoginWithInvalidCredentials@6a4f787b]" name="attemptedLoginWithInvalidLoginData" duration-ms="3063" started-at="2019-07-23T16:39:55 CEST" data-provider="invalidCredentials" finished-at="2019-07-23T16:39:58 CEST">
          <params>
            <param index="0">
              <value>
                <![CDATA[notexisting-1563892791521@gmail.com]]>
              </value>
            </param>
            <param index="1">
              <value>
                <![CDATA[Aa123456]]>
              </value>
            </param>
          </params>
          <reporter-output>
          </reporter-output>
        </test-method> <!-- attemptedLoginWithInvalidLoginData -->
        <test-method status="PASS" signature="tearDown()[pri:0, instance:login.LoginWithInvalidCredentials@6a4f787b]" name="tearDown" is-config="true" duration-ms="68" started-at="2019-07-23T16:39:58 CEST" finished-at="2019-07-23T16:39:58 CEST">
          <reporter-output>
          </reporter-output>
        </test-method> <!-- tearDown -->
      </class> <!-- login.LoginWithInvalidCredentials -->
    </test> <!-- Login with invalid credentials -->
    <test name="Login and then logout" duration-ms="10534" started-at="2019-07-23T16:39:58 CEST" finished-at="2019-07-23T16:40:08 CEST">
      <class name="login.LoginAndThenLogout">
        <test-method status="PASS" signature="setup(java.lang.String)[pri:0, instance:login.LoginAndThenLogout@4883b407]" name="setup" is-config="true" duration-ms="1244" started-at="2019-07-23T16:39:58 CEST" finished-at="2019-07-23T16:39:59 CEST">
          <params>
            <param index="0">
              <value>
                <![CDATA[chrome]]>
              </value>
            </param>
          </params>
          <reporter-output>
          </reporter-output>
        </test-method> <!-- setup -->
        <test-method status="PASS" signature="openHomepageAndClickOnLoginLink()[pri:0, instance:login.LoginAndThenLogout@4883b407]" name="openHomepageAndClickOnLoginLink" duration-ms="3065" started-at="2019-07-23T16:39:59 CEST" finished-at="2019-07-23T16:40:02 CEST">
          <reporter-output>
          </reporter-output>
        </test-method> <!-- openHomepageAndClickOnLoginLink -->
        <test-method status="PASS" signature="enterUserCredentialsAndClickLoginButton()[pri:0, instance:login.LoginAndThenLogout@4883b407]" name="enterUserCredentialsAndClickLoginButton" duration-ms="3422" started-at="2019-07-23T16:40:02 CEST" depends-on-methods="login.LoginAndThenLogout.openHomepageAndClickOnLoginLink" finished-at="2019-07-23T16:40:06 CEST">
          <reporter-output>
          </reporter-output>
        </test-method> <!-- enterUserCredentialsAndClickLoginButton -->
        <test-method status="PASS" signature="clickOnLogoutButton()[pri:0, instance:login.LoginAndThenLogout@4883b407]" name="clickOnLogoutButton" duration-ms="2746" started-at="2019-07-23T16:40:06 CEST" depends-on-methods="login.LoginAndThenLogout.enterUserCredentialsAndClickLoginButton" finished-at="2019-07-23T16:40:08 CEST">
          <reporter-output>
          </reporter-output>
        </test-method> <!-- clickOnLogoutButton -->
        <test-method status="PASS" signature="tearDown()[pri:0, instance:login.LoginAndThenLogout@4883b407]" name="tearDown" is-config="true" duration-ms="55" started-at="2019-07-23T16:40:08 CEST" finished-at="2019-07-23T16:40:08 CEST">
          <reporter-output>
          </reporter-output>
        </test-method> <!-- tearDown -->
      </class> <!-- login.LoginAndThenLogout -->
    </test> <!-- Login and then logout -->
    <test name="Trips and Invoices" duration-ms="29253" started-at="2019-07-23T16:40:08 CEST" finished-at="2019-07-23T16:40:38 CEST">
      <class name="tripsandinvoices.TripsAndInvoices">
        <test-method status="PASS" signature="setup(java.lang.String)[pri:0, instance:tripsandinvoices.TripsAndInvoices@4667ae56]" name="setup" is-config="true" duration-ms="716" started-at="2019-07-23T16:40:08 CEST" finished-at="2019-07-23T16:40:09 CEST">
          <params>
            <param index="0">
              <value>
                <![CDATA[chrome]]>
              </value>
            </param>
          </params>
          <reporter-output>
          </reporter-output>
        </test-method> <!-- setup -->
        <test-method status="PASS" signature="tripsAndInvoicesIsEmptyTest()[pri:0, instance:tripsandinvoices.TripsAndInvoices@4667ae56]" name="tripsAndInvoicesIsEmptyTest" duration-ms="28477" started-at="2019-07-23T16:40:09 CEST" finished-at="2019-07-23T16:40:38 CEST">
          <reporter-output>
          </reporter-output>
        </test-method> <!-- tripsAndInvoicesIsEmptyTest -->
        <test-method status="PASS" signature="tearDown()[pri:0, instance:tripsandinvoices.TripsAndInvoices@4667ae56]" name="tearDown" is-config="true" duration-ms="59" started-at="2019-07-23T16:40:38 CEST" finished-at="2019-07-23T16:40:38 CEST">
          <reporter-output>
          </reporter-output>
        </test-method> <!-- tearDown -->
      </class> <!-- tripsandinvoices.TripsAndInvoices -->
    </test> <!-- Trips and Invoices -->
    <test name="Edit Address" duration-ms="9081" started-at="2019-07-23T16:40:38 CEST" finished-at="2019-07-23T16:40:47 CEST">
      <class name="edituser.EditFirstAndLastName">
        <test-method status="PASS" signature="setup(java.lang.String)[pri:0, instance:edituser.EditFirstAndLastName@464bee09]" name="setup" is-config="true" duration-ms="752" started-at="2019-07-23T16:40:38 CEST" finished-at="2019-07-23T16:40:39 CEST">
          <params>
            <param index="0">
              <value>
                <![CDATA[chrome]]>
              </value>
            </param>
          </params>
          <reporter-output>
          </reporter-output>
        </test-method> <!-- setup -->
        <test-method status="PASS" signature="openHomepageAndLogin()[pri:0, instance:edituser.EditFirstAndLastName@464bee09]" name="openHomepageAndLogin" is-config="true" duration-ms="4720" started-at="2019-07-23T16:40:39 CEST" finished-at="2019-07-23T16:40:43 CEST">
          <reporter-output>
          </reporter-output>
        </test-method> <!-- openHomepageAndLogin -->
        <test-method status="PASS" signature="goToMyDetailsAndChangeTheFirstAndLastName()[pri:0, instance:edituser.EditFirstAndLastName@464bee09]" name="goToMyDetailsAndChangeTheFirstAndLastName" duration-ms="3550" started-at="2019-07-23T16:40:43 CEST" finished-at="2019-07-23T16:40:47 CEST">
          <reporter-output>
          </reporter-output>
        </test-method> <!-- goToMyDetailsAndChangeTheFirstAndLastName -->
        <test-method status="PASS" signature="tearDown()[pri:0, instance:edituser.EditFirstAndLastName@464bee09]" name="tearDown" is-config="true" duration-ms="56" started-at="2019-07-23T16:40:47 CEST" finished-at="2019-07-23T16:40:47 CEST">
          <reporter-output>
          </reporter-output>
        </test-method> <!-- tearDown -->
      </class> <!-- edituser.EditFirstAndLastName -->
    </test> <!-- Edit Address -->
    <test name="Edit First and Last Name" duration-ms="8426" started-at="2019-07-23T16:40:47 CEST" finished-at="2019-07-23T16:40:55 CEST">
      <class name="edituser.EditFirstAndLastName">
        <test-method status="PASS" signature="setup(java.lang.String)[pri:0, instance:edituser.EditFirstAndLastName@31ef45e3]" name="setup" is-config="true" duration-ms="718" started-at="2019-07-23T16:40:47 CEST" finished-at="2019-07-23T16:40:48 CEST">
          <params>
            <param index="0">
              <value>
                <![CDATA[chrome]]>
              </value>
            </param>
          </params>
          <reporter-output>
          </reporter-output>
        </test-method> <!-- setup -->
        <test-method status="PASS" signature="openHomepageAndLogin()[pri:0, instance:edituser.EditFirstAndLastName@31ef45e3]" name="openHomepageAndLogin" is-config="true" duration-ms="4296" started-at="2019-07-23T16:40:48 CEST" finished-at="2019-07-23T16:40:52 CEST">
          <reporter-output>
          </reporter-output>
        </test-method> <!-- openHomepageAndLogin -->
        <test-method status="PASS" signature="goToMyDetailsAndChangeTheFirstAndLastName()[pri:0, instance:edituser.EditFirstAndLastName@31ef45e3]" name="goToMyDetailsAndChangeTheFirstAndLastName" duration-ms="3357" started-at="2019-07-23T16:40:52 CEST" finished-at="2019-07-23T16:40:55 CEST">
          <reporter-output>
          </reporter-output>
        </test-method> <!-- goToMyDetailsAndChangeTheFirstAndLastName -->
        <test-method status="PASS" signature="tearDown()[pri:0, instance:edituser.EditFirstAndLastName@31ef45e3]" name="tearDown" is-config="true" duration-ms="55" started-at="2019-07-23T16:40:55 CEST" finished-at="2019-07-23T16:40:55 CEST">
          <reporter-output>
          </reporter-output>
        </test-method> <!-- tearDown -->
      </class> <!-- edituser.EditFirstAndLastName -->
    </test> <!-- Edit First and Last Name -->
    <test name="Api get LightSwitchPosition" duration-ms="1217" started-at="2019-07-23T16:40:55 CEST" finished-at="2019-07-23T16:40:57 CEST">
      <class name="externalapi.LightSwitchPositionTest">
        <test-method status="PASS" signature="authorizedLightSwitchPosition(java.lang.String, api.external.response.lightswitchposition.LightSwitchPositionResponse)[pri:0, instance:externalapi.LightSwitchPositionTest@3b088d51]" name="authorizedLightSwitchPosition" duration-ms="1216" started-at="2019-07-23T16:40:55 CEST" data-provider="authorizedLightSwitch" finished-at="2019-07-23T16:40:57 CEST">
          <params>
            <param index="0">
              <value>
                <![CDATA[WDB111111ZZZ22222]]>
              </value>
            </param>
            <param index="1">
              <value>
                <![CDATA[api.external.response.lightswitchposition.LightSwitchPositionResponse@10f10230]]>
              </value>
            </param>
          </params>
          <reporter-output>
          </reporter-output>
        </test-method> <!-- authorizedLightSwitchPosition -->
      </class> <!-- externalapi.LightSwitchPositionTest -->
    </test> <!-- Api get LightSwitchPosition -->
    <test name="Api get InteriorLightsFront" duration-ms="198" started-at="2019-07-23T16:40:57 CEST" finished-at="2019-07-23T16:40:57 CEST">
      <class name="externalapi.InteriorLightsFrontTest">
        <test-method status="PASS" signature="authorizedInteriorLightsFront(java.lang.String, api.external.response.interiorlightsfront.InteriorLightsFrontResponse)[pri:0, instance:externalapi.InteriorLightsFrontTest@4d41cee]" name="authorizedInteriorLightsFront" duration-ms="196" started-at="2019-07-23T16:40:57 CEST" data-provider="authorizedInteriorLightsFrontData" finished-at="2019-07-23T16:40:57 CEST">
          <params>
            <param index="0">
              <value>
                <![CDATA[WDB111111ZZZ22222]]>
              </value>
            </param>
            <param index="1">
              <value>
                <![CDATA[api.external.response.interiorlightsfront.InteriorLightsFrontResponse@7c4a03a]]>
              </value>
            </param>
          </params>
          <reporter-output>
          </reporter-output>
        </test-method> <!-- authorizedInteriorLightsFront -->
      </class> <!-- externalapi.InteriorLightsFrontTest -->
    </test> <!-- Api get InteriorLightsFront -->
    <test name="Notification" duration-ms="7389" started-at="2019-07-23T16:40:57 CEST" finished-at="2019-07-23T16:41:04 CEST">
      <class name="internalapi.NotificationCall">
        <test-method status="PASS" signature="doGetNotification(api.internal.notification.Notification)[pri:0, instance:internalapi.NotificationCall@646d64ab]" name="doGetNotification" duration-ms="7388" started-at="2019-07-23T16:40:57 CEST" data-provider="notificationData" finished-at="2019-07-23T16:41:04 CEST">
          <params>
            <param index="0">
              <value>
                <![CDATA[api.internal.notification.Notification@233ece92]]>
              </value>
            </param>
          </params>
          <reporter-output>
          </reporter-output>
        </test-method> <!-- doGetNotification -->
      </class> <!-- internalapi.NotificationCall -->
    </test> <!-- Notification -->
    <test name="Personaldata" duration-ms="5727" started-at="2019-07-23T16:41:04 CEST" finished-at="2019-07-23T16:41:10 CEST">
      <class name="internalapi.PersonalInformation">
        <test-method status="PASS" signature="getPersonalInformationCall(api.internal.personaldata.PersonalDataResponse)[pri:0, instance:internalapi.PersonalInformation@6ee52dcd]" name="getPersonalInformationCall" duration-ms="5721" started-at="2019-07-23T16:41:04 CEST" data-provider="personalInformationData" finished-at="2019-07-23T16:41:10 CEST">
          <params>
            <param index="0">
              <value>
                <![CDATA[api.internal.personaldata.PersonalDataResponse@272c5abd]]>
              </value>
            </param>
          </params>
          <reporter-output>
          </reporter-output>
        </test-method> <!-- getPersonalInformationCall -->
      </class> <!-- internalapi.PersonalInformation -->
    </test> <!-- Personaldata -->
    <test name="EditPassword" duration-ms="30861" started-at="2019-07-23T16:41:10 CEST" finished-at="2019-07-23T16:41:41 CEST">
      <class name="internalapi.EditPassword">
        <test-method status="PASS" signature="setup(java.lang.String)[pri:0, instance:internalapi.EditPassword@458c1321]" name="setup" is-config="true" duration-ms="711" started-at="2019-07-23T16:41:10 CEST" finished-at="2019-07-23T16:41:11 CEST">
          <params>
            <param index="0">
              <value>
                <![CDATA[chrome]]>
              </value>
            </param>
          </params>
          <reporter-output>
          </reporter-output>
        </test-method> <!-- setup -->
        <test-method status="PASS" signature="editPasswordApiCall()[pri:0, instance:internalapi.EditPassword@458c1321]" name="editPasswordApiCall" duration-ms="30090" started-at="2019-07-23T16:41:11 CEST" finished-at="2019-07-23T16:41:41 CEST">
          <reporter-output>
          </reporter-output>
        </test-method> <!-- editPasswordApiCall -->
        <test-method status="PASS" signature="tearDown()[pri:0, instance:internalapi.EditPassword@458c1321]" name="tearDown" is-config="true" duration-ms="59" started-at="2019-07-23T16:41:41 CEST" finished-at="2019-07-23T16:41:41 CEST">
          <reporter-output>
          </reporter-output>
        </test-method> <!-- tearDown -->
      </class> <!-- internalapi.EditPassword -->
    </test> <!-- EditPassword -->
  </suite> <!-- CodeChallengeTests -->
</testng-results>
